2025-03-22T19:02:47.661Z, [INFO] App started on port 8080 with name SRV
2025-03-22T19:02:47.667Z, [INFO] Server running on port 8080
2025-03-22T19:02:57.773Z, [INFO] App started on port 8080 with name SRV
2025-03-22T19:02:57.779Z, [INFO] Server running on port 8080
2025-03-22T19:03:01.352Z, [INFO] Request received on route /
2025-03-22T19:03:05.707Z, [INFO] Request received on route /metadata
2025-03-22T19:03:38.400Z, [WARN] Warning: User with IP ::1 has made 3 requests on 2025-03-22T19:03:38.399Z
2025-03-22T19:03:38.401Z, [INFO] Request received on route /metadata
2025-03-22T19:06:03.861Z, [INFO] App started on port 8080 with name SRV
2025-03-22T19:06:03.868Z, [INFO] Server running on port 8080
2025-03-22T19:06:21.722Z, [INFO] App started on port 8080 with name SRV
2025-03-22T19:06:21.729Z, [INFO] Server running on port 8080
2025-03-22T19:06:51.194Z, [INFO] App started on port 8080 with name SRV
2025-03-22T19:06:51.200Z, [INFO] Server running on port 8080
2025-03-22T19:06:52.736Z, [INFO] App started on port 8080 with name SRV
2025-03-22T19:06:52.745Z, [INFO] Server running on port 8080
2025-03-22T19:07:35.157Z, [INFO] App started on port 8080 with name SRV
2025-03-22T19:07:35.165Z, [INFO] Server running on port 8080
2025-03-22T19:07:36.298Z, [INFO] App started on port 8080 with name SRV
2025-03-22T19:07:36.304Z, [INFO] Server running on port 8080
2025-03-22T19:08:07.292Z, [INFO] App started on port 8080 with name SRV
2025-03-22T19:08:07.298Z, [INFO] Server running on port 8080
2025-03-22T19:08:19.213Z, [INFO] App started on port 8080 with name SRV
2025-03-22T19:08:19.219Z, [INFO] Server running on port 8080
2025-03-22T19:08:26.739Z, [INFO] App started on port 8080 with name SRV
2025-03-22T19:08:26.746Z, [INFO] Server running on port 8080
2025-03-22T19:08:39.950Z, [INFO] App started on port 8080 with name SRV
2025-03-22T19:08:39.959Z, [INFO] Server running on port 8080
2025-03-22T19:09:46.137Z, [INFO] App started on port 8080 with name SRV
2025-03-22T19:09:46.144Z, [INFO] Server running on port 8080
2025-03-22T19:09:54.889Z, [INFO] App started on port 8080 with name SRV
2025-03-22T19:09:54.895Z, [INFO] Server running on port 8080
2025-03-22T19:11:02.415Z, [WARN] Warning: User with IP ::1 has accessed /status Date 2025-03-22T19:11:02.414Z
2025-03-22T19:11:06.839Z, [WARN] Warning: User with IP ::1 has accessed /status Date 2025-03-22T19:11:06.838Z
2025-03-22T19:11:07.639Z, [WARN] Warning: User with IP ::1 has made 3 requests on 2025-03-22T19:11:07.639Z
2025-03-22T19:11:07.640Z, [WARN] Warning: User with IP ::1 has accessed /status Date 2025-03-22T19:11:07.640Z
2025-03-22T19:11:08.304Z, [WARN] Warning: User with IP ::1 has accessed /status Date 2025-03-22T19:11:08.303Z
2025-03-22T19:11:08.789Z, [WARN] Warning: User with IP ::1 has accessed /status Date 2025-03-22T19:11:08.788Z
2025-03-22T19:11:09.125Z, [ERROR] Too many requst from ::1 on 2025-03-22T19:11:09.125Z
2025-03-22T19:11:09.404Z, [ERROR] Too many requst from ::1 on 2025-03-22T19:11:09.403Z
2025-03-22T19:11:16.250Z, [ERROR] Too many requst from ::1 on 2025-03-22T19:11:16.249Z
2025-03-22T19:11:17.166Z, [ERROR] Too many requst from ::1 on 2025-03-22T19:11:17.166Z
2025-03-22T19:11:18.340Z, [WARN] Warning: User with IP ::1 has accessed /status Date 2025-03-22T19:11:18.339Z
